#! /usr/local/Cellar/icarus-verilog/11.0/bin/vvp
:ivl_version "11.0 (stable)";
:ivl_delay_selection "TYPICAL";
:vpi_time_precision + 0;
:vpi_module "/usr/local/Cellar/icarus-verilog/11.0/lib/ivl/system.vpi";
:vpi_module "/usr/local/Cellar/icarus-verilog/11.0/lib/ivl/vhdl_sys.vpi";
:vpi_module "/usr/local/Cellar/icarus-verilog/11.0/lib/ivl/vhdl_textio.vpi";
:vpi_module "/usr/local/Cellar/icarus-verilog/11.0/lib/ivl/v2005_math.vpi";
:vpi_module "/usr/local/Cellar/icarus-verilog/11.0/lib/ivl/va_math.vpi";
S_0x7fd7a4304180 .scope module, "aes_top" "aes_top" 2 1;
 .timescale 0 0;
    .port_info 0 /INPUT 128 "state";
    .port_info 1 /INPUT 256 "key";
    .port_info 2 /INPUT 1 "clk";
    .port_info 3 /INPUT 1 "rst";
    .port_info 4 /INPUT 1 "start";
    .port_info 5 /INPUT 1 "sel";
    .port_info 6 /OUTPUT 128 "out";
    .port_info 7 /OUTPUT 1 "out_valid";
    .port_info 8 /OUTPUT 256 "pufout";
o0x7fd7a4132008 .functor BUFZ 1, C4<z>; HiZ drive
v0x7fd7a4304430_0 .net "clk", 0 0, o0x7fd7a4132008;  0 drivers
o0x7fd7a4132038 .functor BUFZ 256, C4<zzzzzzzzzzzzzzzzzzzzzzzzzzzzzzzzzzzzzzzzzzzzzzzzzzzzzzzzzzzzzzzzzzzzzzzzzzzzzzzzzzzzzzzzzzzzzzzzzzzzzzzzzzzzzzzzzzzzzzzzzzzzzzzzzzzzzzzzzzzzzzzzzzzzzzzzzzzzzzzzzzzzzzzzzzzzzzzzzzzzzzzzzzzzzzzzzzzzzzzzzzzzzzzzzzzzzzzzzzzzzzzzzzzzzzzzzzzzzzzzzzzzzzzzzzzzzzzz>; HiZ drive
v0x7fd7a43144c0_0 .net "key", 255 0, o0x7fd7a4132038;  0 drivers
o0x7fd7a4132068 .functor BUFZ 128, C4<zzzzzzzzzzzzzzzzzzzzzzzzzzzzzzzzzzzzzzzzzzzzzzzzzzzzzzzzzzzzzzzzzzzzzzzzzzzzzzzzzzzzzzzzzzzzzzzzzzzzzzzzzzzzzzzzzzzzzzzzzzzzzzzz>; HiZ drive
v0x7fd7a4314560_0 .net "out", 127 0, o0x7fd7a4132068;  0 drivers
o0x7fd7a4132098 .functor BUFZ 1, C4<z>; HiZ drive
v0x7fd7a4314610_0 .net "out_valid", 0 0, o0x7fd7a4132098;  0 drivers
L_0x7fd7a4163008 .functor BUFT 1, C4<1>, C4<0>, C4<0>, C4<0>;
v0x7fd7a43146b0_0 .net "puf_out", 0 0, L_0x7fd7a4163008;  1 drivers
o0x7fd7a41320f8 .functor BUFZ 256, C4<zzzzzzzzzzzzzzzzzzzzzzzzzzzzzzzzzzzzzzzzzzzzzzzzzzzzzzzzzzzzzzzzzzzzzzzzzzzzzzzzzzzzzzzzzzzzzzzzzzzzzzzzzzzzzzzzzzzzzzzzzzzzzzzzzzzzzzzzzzzzzzzzzzzzzzzzzzzzzzzzzzzzzzzzzzzzzzzzzzzzzzzzzzzzzzzzzzzzzzzzzzzzzzzzzzzzzzzzzzzzzzzzzzzzzzzzzzzzzzzzzzzzzzzzzzzzzzzz>; HiZ drive
v0x7fd7a4314790_0 .net "pufout", 255 0, o0x7fd7a41320f8;  0 drivers
o0x7fd7a4132128 .functor BUFZ 1, C4<z>; HiZ drive
v0x7fd7a4314840_0 .net "rst", 0 0, o0x7fd7a4132128;  0 drivers
o0x7fd7a4132158 .functor BUFZ 1, C4<z>; HiZ drive
v0x7fd7a43148e0_0 .net "sel", 0 0, o0x7fd7a4132158;  0 drivers
o0x7fd7a4132188 .functor BUFZ 1, C4<z>; HiZ drive
v0x7fd7a4314980_0 .net "start", 0 0, o0x7fd7a4132188;  0 drivers
o0x7fd7a41321b8 .functor BUFZ 128, C4<zzzzzzzzzzzzzzzzzzzzzzzzzzzzzzzzzzzzzzzzzzzzzzzzzzzzzzzzzzzzzzzzzzzzzzzzzzzzzzzzzzzzzzzzzzzzzzzzzzzzzzzzzzzzzzzzzzzzzzzzzzzzzzzz>; HiZ drive
v0x7fd7a4314a90_0 .net "state", 127 0, o0x7fd7a41321b8;  0 drivers
# The file index is used to find the file name in the following table.
:file_names 3;
    "N/A";
    "<interactive>";
    "aes_top.sv";
